{"contracts/Vault.sol":{"l":{"28":21,"29":21,"31":21,"32":21,"34":21,"35":21,"43":31,"44":22,"48":5,"52":3,"53":2,"54":2,"58":6,"59":2,"60":2,"64":4,"65":2,"69":8,"70":7,"74":3,"75":2,"79":4,"80":3,"81":2,"82":2,"86":3,"87":2,"88":2},"path":"/Users/chance/dev/vault/contracts/Vault.sol","s":{"1":21,"2":21,"3":21,"4":21,"5":21,"6":21,"7":31,"8":22,"9":5,"10":3,"11":2,"12":2,"13":6,"14":2,"15":2,"16":4,"17":2,"18":8,"19":7,"20":3,"21":2,"22":4,"23":3,"24":2,"25":2,"26":3,"27":2,"28":2},"b":{"1":[22,9],"2":[20,2],"3":[4,1],"4":[1,1],"5":[1,1],"6":[1,1],"7":[1,1]},"f":{"1":21,"2":31,"3":5,"4":3,"5":6,"6":4,"7":8,"8":3,"9":4,"10":3},"fnMap":{"1":{"name":"constructor","line":23,"loc":{"start":{"line":23,"column":2},"end":{"line":37,"column":2}}},"2":{"name":"requireActiveUser","line":42,"loc":{"start":{"line":42,"column":2},"end":{"line":45,"column":2}}},"3":{"name":"requireActiveLiquidation","line":47,"loc":{"start":{"line":47,"column":2},"end":{"line":49,"column":2}}},"4":{"name":"addUser","line":51,"loc":{"start":{"line":51,"column":2},"end":{"line":55,"column":2}}},"5":{"name":"withdrawEther","line":57,"loc":{"start":{"line":57,"column":2},"end":{"line":61,"column":2}}},"6":{"name":"withdrawToken","line":63,"loc":{"start":{"line":63,"column":2},"end":{"line":66,"column":2}}},"7":{"name":"beginLiquidation","line":68,"loc":{"start":{"line":68,"column":2},"end":{"line":71,"column":2}}},"8":{"name":"cancelLiquidation","line":73,"loc":{"start":{"line":73,"column":2},"end":{"line":76,"column":2}}},"9":{"name":"liquidateWithdrawEther","line":78,"loc":{"start":{"line":78,"column":2},"end":{"line":83,"column":2}}},"10":{"name":"liquidateWithdrawToken","line":85,"loc":{"start":{"line":85,"column":2},"end":{"line":89,"column":2}}}},"statementMap":{"1":{"start":{"line":28,"column":4},"end":{"line":28,"column":595}},"2":{"start":{"line":29,"column":6},"end":{"line":29,"column":42}},"3":{"start":{"line":31,"column":4},"end":{"line":31,"column":697}},"4":{"start":{"line":32,"column":6},"end":{"line":32,"column":49}},"5":{"start":{"line":34,"column":4},"end":{"line":34,"column":808}},"6":{"start":{"line":35,"column":6},"end":{"line":35,"column":48}},"7":{"start":{"line":43,"column":4},"end":{"line":43,"column":38}},"8":{"start":{"line":44,"column":4},"end":{"line":44,"column":52}},"9":{"start":{"line":48,"column":4},"end":{"line":48,"column":45}},"10":{"start":{"line":52,"column":4},"end":{"line":52,"column":52}},"11":{"start":{"line":53,"column":4},"end":{"line":53,"column":21}},"12":{"start":{"line":54,"column":4},"end":{"line":54,"column":53}},"13":{"start":{"line":58,"column":4},"end":{"line":58,"column":49}},"14":{"start":{"line":59,"column":4},"end":{"line":59,"column":55}},"15":{"start":{"line":60,"column":4},"end":{"line":60,"column":16}},"16":{"start":{"line":64,"column":4},"end":{"line":64,"column":49}},"17":{"start":{"line":65,"column":4},"end":{"line":65,"column":55}},"18":{"start":{"line":69,"column":4},"end":{"line":69,"column":54}},"19":{"start":{"line":70,"column":4},"end":{"line":70,"column":55}},"20":{"start":{"line":74,"column":4},"end":{"line":74,"column":52}},"21":{"start":{"line":75,"column":4},"end":{"line":75,"column":35}},"22":{"start":{"line":79,"column":4},"end":{"line":79,"column":54}},"23":{"start":{"line":80,"column":4},"end":{"line":80,"column":29}},"24":{"start":{"line":81,"column":4},"end":{"line":81,"column":55}},"25":{"start":{"line":82,"column":4},"end":{"line":82,"column":16}},"26":{"start":{"line":86,"column":4},"end":{"line":86,"column":54}},"27":{"start":{"line":87,"column":4},"end":{"line":87,"column":29}},"28":{"start":{"line":88,"column":4},"end":{"line":88,"column":55}}},"branchMap":{"1":{"line":43,"type":"if","locations":[{"start":{"line":43,"column":4},"end":{"line":43,"column":4}},{"start":{"line":43,"column":4},"end":{"line":43,"column":4}}]},"2":{"line":44,"type":"if","locations":[{"start":{"line":44,"column":4},"end":{"line":44,"column":4}},{"start":{"line":44,"column":4},"end":{"line":44,"column":4}}]},"3":{"line":48,"type":"if","locations":[{"start":{"line":48,"column":4},"end":{"line":48,"column":4}},{"start":{"line":48,"column":4},"end":{"line":48,"column":4}}]},"4":{"line":60,"type":"if","locations":[{"start":{"line":60,"column":4},"end":{"line":60,"column":4}},{"start":{"line":60,"column":4},"end":{"line":60,"column":4}}]},"5":{"line":65,"type":"if","locations":[{"start":{"line":65,"column":4},"end":{"line":65,"column":4}},{"start":{"line":65,"column":4},"end":{"line":65,"column":4}}]},"6":{"line":82,"type":"if","locations":[{"start":{"line":82,"column":4},"end":{"line":82,"column":4}},{"start":{"line":82,"column":4},"end":{"line":82,"column":4}}]},"7":{"line":88,"type":"if","locations":[{"start":{"line":88,"column":4},"end":{"line":88,"column":4}},{"start":{"line":88,"column":4},"end":{"line":88,"column":4}}]}}}}